情報: Server version:        Apache Tomcat/9.0.10 [火 9月 20 18:46:27 JST 2022]
情報: Server built:          Jun 20 2018 17:32:21 UTC [火 9月 20 18:46:27 JST 2022]
情報: Server number:         9.0.10.0 [火 9月 20 18:46:27 JST 2022]
情報: OS Name:               Windows 10 [火 9月 20 18:46:27 JST 2022]
情報: OS Version:            10.0 [火 9月 20 18:46:27 JST 2022]
情報: Architecture:          amd64 [火 9月 20 18:46:27 JST 2022]
情報: Java Home:             C:\pleiades\java\10 [火 9月 20 18:46:27 JST 2022]
情報: JVM Version:           10.0.1+10 [火 9月 20 18:46:27 JST 2022]
情報: JVM Vendor:            "Oracle Corporation" [火 9月 20 18:46:27 JST 2022]
情報: CATALINA_BASE:         C:\LetsEngineer\curriculum\.metadata\.plugins\org.eclipse.wst.server.core\tmp0 [火 9月 20 18:46:27 JST 2022]
情報: CATALINA_HOME:         C:\pleiades\tomcat\9 [火 9月 20 18:46:27 JST 2022]
情報: Command line argument: -Dcatalina.base=C:\LetsEngineer\curriculum\.metadata\.plugins\org.eclipse.wst.server.core\tmp0 [火 9月 20 18:46:27 JST 2022]
情報: Command line argument: -Dcatalina.home=C:\pleiades\tomcat\9 [火 9月 20 18:46:27 JST 2022]
情報: Command line argument: -Dwtp.deploy=C:\LetsEngineer\curriculum\.metadata\.plugins\org.eclipse.wst.server.core\tmp0\wtpwebapps [火 9月 20 18:46:27 JST 2022]
情報: Command line argument: -Dfile.encoding=UTF-8 [火 9月 20 18:46:27 JST 2022]
情報: The APR based Apache Tomcat Native library which allows optimal performance in production environments was not found on the java.library.path: [C:\pleiades\java\10\bin;C:\WINDOWS\Sun\Java\bin;C:\WINDOWS\system32;C:\WINDOWS;C:/pleiades/eclipse/jre/bin/../jre/bin/server;C:/pleiades/eclipse/jre/bin/../jre/bin;C:/pleiades/eclipse/jre/bin/../jre/lib/amd64;C:\Program Files\Common Files\Oracle\Java\javapath;C:\eteam\java\jdk-11\bin;C:\Program Files\AdoptOpenJDK\jdk-11.0.9.101-hotspot\bin;C:\Program Files\Microsoft Office 15\AdoptOpenJDK\jdk-11.0.8.10-hotspot\bin;C:\WINDOWS\System32;C:\WINDOWS;C:\WINDOWS\System32\wbem;C:\WINDOWS\System32\WindowsPowerShell\v1.0\;C:\WINDOWS\System32\OpenSSH\;C:\Program Files (x86)\Intel\Intel(R) Management Engine Components\DAL;C:\Program Files\Intel\Intel(R) Management Engine Components\DAL;C:\Program Files\Zulu\zulu-11\bin\;C:\Program Files\PostgreSQL\13\bin;C:\Program Files\nodejs\;C:\Program Files\TortoiseSVN\bin;C:\eteam\PostgreSQL\11\bin;C:\Program Files\dotnet\;C:\Program Files\Microsoft SQL Server\130\Tools\Binn\;C:\Program Files\Microsoft SQL Server\Client SDK\ODBC\170\Tools\Binn\;C:\Program Files (x86)\Nodist\bin;C:\WINDOWS\system32;C:\WINDOWS\System32\Wbem;C:\WINDOWS\System32\WindowsPowerShell\v1.0\;C:\WINDOWS\System32\OpenSSH\;C:\Program Files\Java\jdk-18.0.2\bin;C:\Program Files\Git\cmd;C:\Users\tsuzumi_yuka\AppData\Local\Microsoft\WindowsApps;C:\Program Files\Salesforce CLI\bin;C:\Program Files\PostgreSQL\13\bin;C:\Users\tsuzumi_yuka\AppData\Roaming\npm;C:\Users\tsuzumi_yuka\AppData\Local\Programs\Microsoft VS Code\bin;C:\Users\tsuzumi_yuka\.dotnet\tools;C:\Program Files\IBM\Cloud\bin;C:\Users\tsuzumi_yuka\AppData\Local\GitHubDesktop\bin;C:\Users\tsuzumi_yuka\AppData\Local\Box\Box Edit\;C:\pleiades\eclipse;;.] [火 9月 20 18:46:27 JST 2022]
情報: Initializing ProtocolHandler ["http-nio-8080"] [火 9月 20 18:46:27 JST 2022]
情報: Using a shared selector for servlet write/read [火 9月 20 18:46:27 JST 2022]
情報: Initializing ProtocolHandler ["ajp-nio-8009"] [火 9月 20 18:46:27 JST 2022]
情報: Using a shared selector for servlet write/read [火 9月 20 18:46:27 JST 2022]
情報: Initialization processed in 758 ms [火 9月 20 18:46:27 JST 2022]
情報: サービス [Catalina] を起動します [火 9月 20 18:46:28 JST 2022]
情報: Starting Servlet Engine: Apache Tomcat/9.0.10 [火 9月 20 18:46:28 JST 2022]
情報: At least one JAR was scanned for TLDs yet contained no TLDs. Enable debug logging for this logger for a complete list of JARs that were scanned but no TLDs were found in them. Skipping unneeded JARs during scanning can improve startup time and JSP compilation time. [火 9月 20 18:46:28 JST 2022]
警告: Creation of SecureRandom instance for session ID generation using [SHA1PRNG] took [149] milliseconds. [火 9月 20 18:46:28 JST 2022]
情報: At least one JAR was scanned for TLDs yet contained no TLDs. Enable debug logging for this logger for a complete list of JARs that were scanned but no TLDs were found in them. Skipping unneeded JARs during scanning can improve startup time and JSP compilation time. [火 9月 20 18:46:28 JST 2022]
情報: At least one JAR was scanned for TLDs yet contained no TLDs. Enable debug logging for this logger for a complete list of JARs that were scanned but no TLDs were found in them. Skipping unneeded JARs during scanning can improve startup time and JSP compilation time. [火 9月 20 18:46:28 JST 2022]
情報: Starting ProtocolHandler ["http-nio-8080"] [火 9月 20 18:46:28 JST 2022]
情報: Starting ProtocolHandler ["ajp-nio-8009"] [火 9月 20 18:46:28 JST 2022]
情報: Server startup in 944 ms [火 9月 20 18:46:28 JST 2022]
[MEMORY:57051832][2022/09/20 06:46:29.459] [org.apache.jsp.login_jsp] [_jspService] [167] セッションあり
[MEMORY:57051832][2022/09/20 06:46:29.460] [org.apache.jsp.login_jsp] [_jspService] [188] message = 
[MEMORY:57586968][2022/09/20 06:46:38.943] [controller.BaseServlet] [<init>] [56] START
[MEMORY:57586968][2022/09/20 06:46:38.950] [controller.BaseServlet] [<init>] [60] END
[MEMORY:57586968][2022/09/20 06:46:38.961] [controller.EmployeeManagementController] [doPost] [100] START
[MEMORY:57586968][2022/09/20 06:46:38.963] [controller.EmployeeManagementController] [getRequestType] [199] START
[MEMORY:57586968][2022/09/20 06:46:38.964] [controller.EmployeeManagementController] [getRequestType] [202] requestTypeName = login
[MEMORY:57586968][2022/09/20 06:46:38.965] [controller.EmployeeManagementController] [getRequestType] [221] this.responseBean = bean.ResponseBean@458f395c
[MEMORY:57586968][2022/09/20 06:46:38.965] [controller.EmployeeManagementController] [getRequestType] [231] END
[MEMORY:57586968][2022/09/20 06:46:38.966] [controller.EmployeeManagementController] [doPost] [128] RequestType = LOGIN
[MEMORY:57586968][2022/09/20 06:46:38.967] [service.BaseService] [<init>] [40] START
[MEMORY:57586968][2022/09/20 06:46:38.967] [service.BaseService] [<init>] [47] END
[MEMORY:57586968][2022/09/20 06:46:38.968] [controller.EmployeeManagementController] [lambda$1] [145] reqEmpId = 01520
[MEMORY:57586968][2022/09/20 06:46:38.968] [controller.EmployeeManagementController] [doPost] [150] --- ログイン ---
[MEMORY:57586968][2022/09/20 06:46:38.969] [controller.BaseServlet] [validateLogin] [137] START
[MEMORY:57586968][2022/09/20 06:46:38.973] [service.EmployeeManagementService] [getEmployeeData] [53] START
[MEMORY:57586968][2022/09/20 06:46:38.973] [service.EmployeeManagementService] [executeDBAccess] [70] START
[MEMORY:57586968][2022/09/20 06:46:38.973] [service.EmployeeManagementService] [executeDBAccess] [71] ExecuteCase = FIND_BY_EMPID
[MEMORY:57586968][2022/09/20 06:46:38.973] [service.BaseService] [executeGetConnection] [54] START
[MEMORY:16878504][2022/09/20 06:46:39.360] [service.BaseService] [executeGetConnection] [80] END
[MEMORY:16878504][2022/09/20 06:46:39.360] [service.EmployeeManagementService] [executeSelectQuery] [175] START
[MEMORY:17307240][2022/09/20 06:46:39.387] [service.EmployeeManagementService] [executeSelectQuery] [210] pEmployeeBeanList[0].empId = 01520
■ 例外発生: [org.postgresql.core.v3.QueryExecutorImpl] [receiveErrorResponse] [2676]
[MEMORY:18362008][2022/09/20 06:46:39.441] [service.EmployeeManagementService] [executeDBAccess] [129] reqStatus  = 2
[MEMORY:18362008][2022/09/20 06:46:39.441] [service.EmployeeManagementService] [executeDBAccess] [130] reqMessage = SQL関連の例外です！&#010;preparedStatementやresultSetの使い方に誤りが無いか確認しましょう！
[MEMORY:18362008][2022/09/20 06:46:39.442] [service.BaseService] [executeCloseSQL] [118] START
[MEMORY:18362008][2022/09/20 06:46:39.443] [service.BaseService] [executeCloseSQL] [129] END
■ 例外発生: [service.EmployeeManagementService] [executeDBAccess] [158]
[MEMORY:18362008][2022/09/20 06:46:39.444] [controller.BaseServlet] [validateLogin] [197] isLoginError = true
[MEMORY:18362008][2022/09/20 06:46:39.444] [controller.BaseServlet] [validateLogin] [199] END
[MEMORY:18362008][2022/09/20 06:46:39.445] [controller.EmployeeManagementController] [doPost] [165] reqStatus  = 2
[MEMORY:18362008][2022/09/20 06:46:39.445] [controller.EmployeeManagementController] [doPost] [166] reqMessage = SQL関連の例外です！&#010;preparedStatementやresultSetの使い方に誤りが無いか確認しましょう！
[MEMORY:18362008][2022/09/20 06:46:39.445] [controller.EmployeeManagementController] [doPost] [175] 遷移先 = null
[MEMORY:18362008][2022/09/20 06:46:39.445] [controller.EmployeeManagementController] [doPost] [188] END
[MEMORY:19593392][2022/09/20 06:46:39.451] [org.apache.jsp.login_jsp] [_jspService] [167] セッションあり
[MEMORY:19593392][2022/09/20 06:46:39.451] [org.apache.jsp.login_jsp] [_jspService] [188] message = SQL関連の例外です！&#010;preparedStatementやresultSetの使い方に誤りが無いか確認しましょう！
